<?xml version="1.0" encoding="UTF-8"?>
<!-- Generated by org.testng.reporters.JUnitReportReporter -->
<testsuite hostname="LAPTOP-OL29EVL3" failures="0" tests="1" name="scripts.reverse" time="0.007" errors="0" timestamp="2024-08-14T14:39:47 IST" skipped="0">
  <testcase classname="scripts.reverse" name="demo1" time="0.007"/>
  <system-out/>
</testsuite> <!-- scripts.reverse -->
